# JRE version: Java(TM) SE Runtime Environment (8.0_411) (build 1.8.0_411-b09)
# Java VM: Java HotSpot(TM) 64-Bit Server VM (25.411-b09 mixed mode windows-amd64 compressed oops)
Heap:
 PSYoungGen      total 7168K, used 3492K [0x00000000eb980000, 0x00000000ec980000, 0x0000000100000000)
  eden space 5632K, 34% used [0x00000000eb980000,0x00000000ebb6c248,0x00000000ebf00000)
  from space 1536K, 99% used [0x00000000ebf00000,0x00000000ec07d020,0x00000000ec080000)
  to   space 2560K, 0% used [0x00000000ec700000,0x00000000ec700000,0x00000000ec980000)
 ParOldGen       total 5632K, used 3197K [0x00000000c2c00000, 0x00000000c3180000, 0x00000000eb980000)
  object space 5632K, 56% used [0x00000000c2c00000,0x00000000c2f1f700,0x00000000c3180000)
 Metaspace       used 7334K, capacity 8116K, committed 8448K, reserved 1056768K
  class space    used 898K, capacity 944K, committed 1024K, reserved 1048576K
GC Heap History (10 events):
Event: 1.639 GC heap before
{Heap before GC invocations=3 (full 0):
 PSYoungGen      total 2048K, used 2042K [0x00000000eb980000, 0x00000000ebd80000, 0x0000000100000000)
  eden space 1536K, 99% used [0x00000000eb980000,0x00000000ebafe950,0x00000000ebb00000)
  from space 512K, 100% used [0x00000000ebb80000,0x00000000ebc00000,0x00000000ebc00000)
  to   space 512K, 0% used [0x00000000ebb00000,0x00000000ebb00000,0x00000000ebb80000)
 ParOldGen       total 5632K, used 48K [0x00000000c2c00000, 0x00000000c3180000, 0x00000000eb980000)
  object space 5632K, 0% used [0x00000000c2c00000,0x00000000c2c0c020,0x00000000c3180000)
 Metaspace       used 4592K, capacity 5836K, committed 6016K, reserved 1056768K
  class space    used 562K, capacity 584K, committed 640K, reserved 1048576K
Event: 1.645 GC heap after
Heap after GC invocations=3 (full 0):
 PSYoungGen      total 2048K, used 496K [0x00000000eb980000, 0x00000000ebd80000, 0x0000000100000000)
  eden space 1536K, 0% used [0x00000000eb980000,0x00000000eb980000,0x00000000ebb00000)
  from space 512K, 96% used [0x00000000ebb00000,0x00000000ebb7c030,0x00000000ebb80000)
  to   space 512K, 0% used [0x00000000ebd00000,0x00000000ebd00000,0x00000000ebd80000)
 ParOldGen       total 5632K, used 444K [0x00000000c2c00000, 0x00000000c3180000, 0x00000000eb980000)
  object space 5632K, 7% used [0x00000000c2c00000,0x00000000c2c6f338,0x00000000c3180000)
 Metaspace       used 4592K, capacity 5836K, committed 6016K, reserved 1056768K
  class space    used 562K, capacity 584K, committed 640K, reserved 1048576K
}
Event: 1.727 GC heap before
{Heap before GC invocations=4 (full 0):
 PSYoungGen      total 2048K, used 1956K [0x00000000eb980000, 0x00000000ebd80000, 0x0000000100000000)
  eden space 1536K, 95% used [0x00000000eb980000,0x00000000ebaed278,0x00000000ebb00000)
  from space 512K, 96% used [0x00000000ebb00000,0x00000000ebb7c030,0x00000000ebb80000)
  to   space 512K, 0% used [0x00000000ebd00000,0x00000000ebd00000,0x00000000ebd80000)
 ParOldGen       total 5632K, used 444K [0x00000000c2c00000, 0x00000000c3180000, 0x00000000eb980000)
  object space 5632K, 7% used [0x00000000c2c00000,0x00000000c2c6f338,0x00000000c3180000)
 Metaspace       used 5036K, capacity 6220K, committed 6400K, reserved 1056768K
  class space    used 621K, capacity 648K, committed 768K, reserved 1048576K
Event: 1.729 GC heap after
Heap after GC invocations=4 (full 0):
 PSYoungGen      total 3584K, used 511K [0x00000000eb980000, 0x00000000ebd80000, 0x0000000100000000)
  eden space 3072K, 0% used [0x00000000eb980000,0x00000000eb980000,0x00000000ebc80000)
  from space 512K, 99% used [0x00000000ebd00000,0x00000000ebd7fc20,0x00000000ebd80000)
  to   space 512K, 0% used [0x00000000ebc80000,0x00000000ebc80000,0x00000000ebd00000)
 ParOldGen       total 5632K, used 588K [0x00000000c2c00000, 0x00000000c3180000, 0x00000000eb980000)
  object space 5632K, 10% used [0x00000000c2c00000,0x00000000c2c93348,0x00000000c3180000)
 Metaspace       used 5036K, capacity 6220K, committed 6400K, reserved 1056768K
  class space    used 621K, capacity 648K, committed 768K, reserved 1048576K
}
Event: 1.877 GC heap before
{Heap before GC invocations=5 (full 0):
 PSYoungGen      total 3584K, used 3582K [0x00000000eb980000, 0x00000000ebd80000, 0x0000000100000000)
  eden space 3072K, 99% used [0x00000000eb980000,0x00000000ebc7fdd0,0x00000000ebc80000)
  from space 512K, 99% used [0x00000000ebd00000,0x00000000ebd7fc20,0x00000000ebd80000)
  to   space 512K, 0% used [0x00000000ebc80000,0x00000000ebc80000,0x00000000ebd00000)
 ParOldGen       total 5632K, used 588K [0x00000000c2c00000, 0x00000000c3180000, 0x00000000eb980000)
  object space 5632K, 10% used [0x00000000c2c00000,0x00000000c2c93348,0x00000000c3180000)
 Metaspace       used 6174K, capacity 7276K, committed 7552K, reserved 1056768K
  class space    used 772K, capacity 808K, committed 896K, reserved 1048576K
Event: 1.879 GC heap after
Heap after GC invocations=5 (full 0):
 PSYoungGen      total 3584K, used 480K [0x00000000eb980000, 0x00000000ec180000, 0x0000000100000000)
  eden space 3072K, 0% used [0x00000000eb980000,0x00000000eb980000,0x00000000ebc80000)
  from space 512K, 93% used [0x00000000ebc80000,0x00000000ebcf8010,0x00000000ebd00000)
  to   space 1024K, 0% used [0x00000000ec080000,0x00000000ec080000,0x00000000ec180000)
 ParOldGen       total 5632K, used 884K [0x00000000c2c00000, 0x00000000c3180000, 0x00000000eb980000)
  object space 5632K, 15% used [0x00000000c2c00000,0x00000000c2cdd368,0x00000000c3180000)
 Metaspace       used 6174K, capacity 7276K, committed 7552K, reserved 1056768K
  class space    used 772K, capacity 808K, committed 896K, reserved 1048576K
}
Event: 2.047 GC heap before
{Heap before GC invocations=6 (full 0):
 PSYoungGen      total 3584K, used 3370K [0x00000000eb980000, 0x00000000ec180000, 0x0000000100000000)
  eden space 3072K, 94% used [0x00000000eb980000,0x00000000ebc52ba8,0x00000000ebc80000)
  from space 512K, 93% used [0x00000000ebc80000,0x00000000ebcf8010,0x00000000ebd00000)
  to   space 1024K, 0% used [0x00000000ec080000,0x00000000ec080000,0x00000000ec180000)
 ParOldGen       total 5632K, used 884K [0x00000000c2c00000, 0x00000000c3180000, 0x00000000eb980000)
  object space 5632K, 15% used [0x00000000c2c00000,0x00000000c2cdd368,0x00000000c3180000)
 Metaspace       used 7304K, capacity 8116K, committed 8448K, reserved 1056768K
  class space    used 898K, capacity 944K, committed 1024K, reserved 1048576K
Event: 2.053 GC heap after
Heap after GC invocations=6 (full 0):
 PSYoungGen      total 6656K, used 1004K [0x00000000eb980000, 0x00000000ec280000, 0x0000000100000000)
  eden space 5632K, 0% used [0x00000000eb980000,0x00000000eb980000,0x00000000ebf00000)
  from space 1024K, 98% used [0x00000000ec080000,0x00000000ec17b378,0x00000000ec180000)
  to   space 1536K, 0% used [0x00000000ebf00000,0x00000000ebf00000,0x00000000ec080000)
 ParOldGen       total 5632K, used 1037K [0x00000000c2c00000, 0x00000000c3180000, 0x00000000eb980000)
  object space 5632K, 18% used [0x00000000c2c00000,0x00000000c2d036c0,0x00000000c3180000)
 Metaspace       used 7304K, capacity 8116K, committed 8448K, reserved 1056768K
  class space    used 898K, capacity 944K, committed 1024K, reserved 1048576K
}
Event: 2.198 GC heap before
{Heap before GC invocations=7 (full 0):
 PSYoungGen      total 6656K, used 6391K [0x00000000eb980000, 0x00000000ec280000, 0x0000000100000000)
  eden space 5632K, 95% used [0x00000000eb980000,0x00000000ebec2958,0x00000000ebf00000)
  from space 1024K, 98% used [0x00000000ec080000,0x00000000ec17b378,0x00000000ec180000)
  to   space 1536K, 0% used [0x00000000ebf00000,0x00000000ebf00000,0x00000000ec080000)
 ParOldGen       total 5632K, used 1037K [0x00000000c2c00000, 0x00000000c3180000, 0x00000000eb980000)
  object space 5632K, 18% used [0x00000000c2c00000,0x00000000c2d036c0,0x00000000c3180000)
 Metaspace       used 7334K, capacity 8116K, committed 8448K, reserved 1056768K
  class space    used 898K, capacity 944K, committed 1024K, reserved 1048576K
Event: 2.223 GC heap after
Heap after GC invocations=7 (full 0):
 PSYoungGen      total 7168K, used 1524K [0x00000000eb980000, 0x00000000ec980000, 0x0000000100000000)
  eden space 5632K, 0% used [0x00000000eb980000,0x00000000eb980000,0x00000000ebf00000)
  from space 1536K, 99% used [0x00000000ebf00000,0x00000000ec07d020,0x00000000ec080000)
  to   space 2560K, 0% used [0x00000000ec700000,0x00000000ec700000,0x00000000ec980000)
 ParOldGen       total 5632K, used 3197K [0x00000000c2c00000, 0x00000000c3180000, 0x00000000eb980000)
  object space 5632K, 56% used [0x00000000c2c00000,0x00000000c2f1f700,0x00000000c3180000)
 Metaspace       used 7334K, capacity 8116K, committed 8448K, reserved 1056768K
  class space    used 898K, capacity 944K, committed 1024K, reserved 1048576K
}

