# JRE version: Java(TM) SE Runtime Environment (8.0_411) (build 1.8.0_411-b09)
# Java VM: Java HotSpot(TM) 64-Bit Server VM (25.411-b09 mixed mode windows-amd64 compressed oops)
Heap:
 PSYoungGen      total 6656K, used 4942K [0x00000000eb980000, 0x00000000ecc80000, 0x0000000100000000)
  eden space 6144K, 80% used [0x00000000eb980000,0x00000000ebe53968,0x00000000ebf80000)
  from space 512K, 0% used [0x00000000ebf80000,0x00000000ebf80000,0x00000000ec000000)
  to   space 3584K, 0% used [0x00000000ec900000,0x00000000ec900000,0x00000000ecc80000)
 ParOldGen       total 5632K, used 4965K [0x00000000c2c00000, 0x00000000c3180000, 0x00000000eb980000)
  object space 5632K, 88% used [0x00000000c2c00000,0x00000000c30d97c0,0x00000000c3180000)
 Metaspace       used 7344K, capacity 8116K, committed 8448K, reserved 1056768K
  class space    used 899K, capacity 944K, committed 1024K, reserved 1048576K
GC Heap History (10 events):
Event: 0.348 GC heap before
{Heap before GC invocations=2 (full 0):
 PSYoungGen      total 2048K, used 1998K [0x00000000eb980000, 0x00000000ebd80000, 0x0000000100000000)
  eden space 1536K, 96% used [0x00000000eb980000,0x00000000ebaf3ed0,0x00000000ebb00000)
  from space 512K, 99% used [0x00000000ebb00000,0x00000000ebb7fc30,0x00000000ebb80000)
  to   space 512K, 0% used [0x00000000ebd00000,0x00000000ebd00000,0x00000000ebd80000)
 ParOldGen       total 5632K, used 16K [0x00000000c2c00000, 0x00000000c3180000, 0x00000000eb980000)
  object space 5632K, 0% used [0x00000000c2c00000,0x00000000c2c04000,0x00000000c3180000)
 Metaspace       used 4133K, capacity 5388K, committed 5760K, reserved 1056768K
  class space    used 489K, capacity 520K, committed 640K, reserved 1048576K
Event: 0.350 GC heap after
Heap after GC invocations=2 (full 0):
 PSYoungGen      total 3584K, used 512K [0x00000000eb980000, 0x00000000ebd80000, 0x0000000100000000)
  eden space 3072K, 0% used [0x00000000eb980000,0x00000000eb980000,0x00000000ebc80000)
  from space 512K, 100% used [0x00000000ebd00000,0x00000000ebd80000,0x00000000ebd80000)
  to   space 512K, 0% used [0x00000000ebc80000,0x00000000ebc80000,0x00000000ebd00000)
 ParOldGen       total 5632K, used 64K [0x00000000c2c00000, 0x00000000c3180000, 0x00000000eb980000)
  object space 5632K, 1% used [0x00000000c2c00000,0x00000000c2c10020,0x00000000c3180000)
 Metaspace       used 4133K, capacity 5388K, committed 5760K, reserved 1056768K
  class space    used 489K, capacity 520K, committed 640K, reserved 1048576K
}
Event: 0.596 GC heap before
{Heap before GC invocations=3 (full 0):
 PSYoungGen      total 3584K, used 3524K [0x00000000eb980000, 0x00000000ebd80000, 0x0000000100000000)
  eden space 3072K, 98% used [0x00000000eb980000,0x00000000ebc71358,0x00000000ebc80000)
  from space 512K, 100% used [0x00000000ebd00000,0x00000000ebd80000,0x00000000ebd80000)
  to   space 512K, 0% used [0x00000000ebc80000,0x00000000ebc80000,0x00000000ebd00000)
 ParOldGen       total 5632K, used 64K [0x00000000c2c00000, 0x00000000c3180000, 0x00000000eb980000)
  object space 5632K, 1% used [0x00000000c2c00000,0x00000000c2c10020,0x00000000c3180000)
 Metaspace       used 5107K, capacity 6284K, committed 6656K, reserved 1056768K
  class space    used 621K, capacity 648K, committed 768K, reserved 1048576K
Event: 0.600 GC heap after
Heap after GC invocations=3 (full 0):
 PSYoungGen      total 3584K, used 496K [0x00000000eb980000, 0x00000000ec080000, 0x0000000100000000)
  eden space 3072K, 0% used [0x00000000eb980000,0x00000000eb980000,0x00000000ebc80000)
  from space 512K, 96% used [0x00000000ebc80000,0x00000000ebcfc020,0x00000000ebd00000)
  to   space 512K, 0% used [0x00000000ec000000,0x00000000ec000000,0x00000000ec080000)
 ParOldGen       total 5632K, used 563K [0x00000000c2c00000, 0x00000000c3180000, 0x00000000eb980000)
  object space 5632K, 9% used [0x00000000c2c00000,0x00000000c2c8cc80,0x00000000c3180000)
 Metaspace       used 5107K, capacity 6284K, committed 6656K, reserved 1056768K
  class space    used 621K, capacity 648K, committed 768K, reserved 1048576K
}
Event: 0.979 GC heap before
{Heap before GC invocations=4 (full 0):
 PSYoungGen      total 3584K, used 3560K [0x00000000eb980000, 0x00000000ec080000, 0x0000000100000000)
  eden space 3072K, 99% used [0x00000000eb980000,0x00000000ebc7e100,0x00000000ebc80000)
  from space 512K, 96% used [0x00000000ebc80000,0x00000000ebcfc020,0x00000000ebd00000)
  to   space 512K, 0% used [0x00000000ec000000,0x00000000ec000000,0x00000000ec080000)
 ParOldGen       total 5632K, used 563K [0x00000000c2c00000, 0x00000000c3180000, 0x00000000eb980000)
  object space 5632K, 9% used [0x00000000c2c00000,0x00000000c2c8cc80,0x00000000c3180000)
 Metaspace       used 6175K, capacity 7276K, committed 7552K, reserved 1056768K
  class space    used 772K, capacity 808K, committed 896K, reserved 1048576K
Event: 0.982 GC heap after
Heap after GC invocations=4 (full 0):
 PSYoungGen      total 6656K, used 480K [0x00000000eb980000, 0x00000000ec080000, 0x0000000100000000)
  eden space 6144K, 0% used [0x00000000eb980000,0x00000000eb980000,0x00000000ebf80000)
  from space 512K, 93% used [0x00000000ec000000,0x00000000ec078010,0x00000000ec080000)
  to   space 512K, 0% used [0x00000000ebf80000,0x00000000ebf80000,0x00000000ec000000)
 ParOldGen       total 5632K, used 952K [0x00000000c2c00000, 0x00000000c3180000, 0x00000000eb980000)
  object space 5632K, 16% used [0x00000000c2c00000,0x00000000c2cee180,0x00000000c3180000)
 Metaspace       used 6175K, capacity 7276K, committed 7552K, reserved 1056768K
  class space    used 772K, capacity 808K, committed 896K, reserved 1048576K
}
Event: 1.250 GC heap before
{Heap before GC invocations=5 (full 0):
 PSYoungGen      total 6656K, used 6624K [0x00000000eb980000, 0x00000000ec080000, 0x0000000100000000)
  eden space 6144K, 100% used [0x00000000eb980000,0x00000000ebf80000,0x00000000ebf80000)
  from space 512K, 93% used [0x00000000ec000000,0x00000000ec078010,0x00000000ec080000)
  to   space 512K, 0% used [0x00000000ebf80000,0x00000000ebf80000,0x00000000ec000000)
 ParOldGen       total 5632K, used 952K [0x00000000c2c00000, 0x00000000c3180000, 0x00000000eb980000)
  object space 5632K, 16% used [0x00000000c2c00000,0x00000000c2cee180,0x00000000c3180000)
 Metaspace       used 7306K, capacity 8116K, committed 8448K, reserved 1056768K
  class space    used 898K, capacity 944K, committed 1024K, reserved 1048576K
Event: 1.264 GC heap after
Heap after GC invocations=5 (full 0):
 PSYoungGen      total 6656K, used 512K [0x00000000eb980000, 0x00000000ecc80000, 0x0000000100000000)
  eden space 6144K, 0% used [0x00000000eb980000,0x00000000eb980000,0x00000000ebf80000)
  from space 512K, 100% used [0x00000000ebf80000,0x00000000ec000000,0x00000000ec000000)
  to   space 3584K, 0% used [0x00000000ec900000,0x00000000ec900000,0x00000000ecc80000)
 ParOldGen       total 5632K, used 4596K [0x00000000c2c00000, 0x00000000c3180000, 0x00000000eb980000)
  object space 5632K, 81% used [0x00000000c2c00000,0x00000000c307d208,0x00000000c3180000)
 Metaspace       used 7306K, capacity 8116K, committed 8448K, reserved 1056768K
  class space    used 898K, capacity 944K, committed 1024K, reserved 1048576K
}
Event: 1.264 GC heap before
{Heap before GC invocations=6 (full 1):
 PSYoungGen      total 6656K, used 512K [0x00000000eb980000, 0x00000000ecc80000, 0x0000000100000000)
  eden space 6144K, 0% used [0x00000000eb980000,0x00000000eb980000,0x00000000ebf80000)
  from space 512K, 100% used [0x00000000ebf80000,0x00000000ec000000,0x00000000ec000000)
  to   space 3584K, 0% used [0x00000000ec900000,0x00000000ec900000,0x00000000ecc80000)
 ParOldGen       total 5632K, used 4596K [0x00000000c2c00000, 0x00000000c3180000, 0x00000000eb980000)
  object space 5632K, 81% used [0x00000000c2c00000,0x00000000c307d208,0x00000000c3180000)
 Metaspace       used 7306K, capacity 8116K, committed 8448K, reserved 1056768K
  class space    used 898K, capacity 944K, committed 1024K, reserved 1048576K
Event: 1.300 GC heap after
Heap after GC invocations=6 (full 1):
 PSYoungGen      total 6656K, used 0K [0x00000000eb980000, 0x00000000ecc80000, 0x0000000100000000)
  eden space 6144K, 0% used [0x00000000eb980000,0x00000000eb980000,0x00000000ebf80000)
  from space 512K, 0% used [0x00000000ebf80000,0x00000000ebf80000,0x00000000ec000000)
  to   space 3584K, 0% used [0x00000000ec900000,0x00000000ec900000,0x00000000ecc80000)
 ParOldGen       total 5632K, used 4965K [0x00000000c2c00000, 0x00000000c3180000, 0x00000000eb980000)
  object space 5632K, 88% used [0x00000000c2c00000,0x00000000c30d97c0,0x00000000c3180000)
 Metaspace       used 7306K, capacity 8116K, committed 8448K, reserved 1056768K
  class space    used 898K, capacity 944K, committed 1024K, reserved 1048576K
}

