# JRE version: Java(TM) SE Runtime Environment (8.0_411) (build 1.8.0_411-b09)
# Java VM: Java HotSpot(TM) 64-Bit Server VM (25.411-b09 mixed mode windows-amd64 compressed oops)
Heap:
 PSYoungGen      total 7168K, used 7160K [0x00000000eb980000, 0x00000000eca80000, 0x0000000100000000)
  eden space 5632K, 100% used [0x00000000eb980000,0x00000000ebf00000,0x00000000ebf00000)
  from space 1536K, 99% used [0x00000000ebf00000,0x00000000ec07e060,0x00000000ec080000)
  to   space 3072K, 89% used [0x00000000ec780000,0x00000000eca314e0,0x00000000eca80000)
 ParOldGen       total 5632K, used 3518K [0x00000000c2c00000, 0x00000000c3180000, 0x00000000eb980000)
  object space 5632K, 62% used [0x00000000c2c00000,0x00000000c2f6f918,0x00000000c3180000)
 Metaspace       used 7510K, capacity 8244K, committed 8448K, reserved 1056768K
  class space    used 914K, capacity 944K, committed 1024K, reserved 1048576K
GC Heap History (10 events):
Event: 0.937 GC heap before
{Heap before GC invocations=3 (full 0):
 PSYoungGen      total 2048K, used 2048K [0x00000000eb980000, 0x00000000ebd80000, 0x0000000100000000)
  eden space 1536K, 100% used [0x00000000eb980000,0x00000000ebb00000,0x00000000ebb00000)
  from space 512K, 100% used [0x00000000ebb80000,0x00000000ebc00000,0x00000000ebc00000)
  to   space 512K, 0% used [0x00000000ebb00000,0x00000000ebb00000,0x00000000ebb80000)
 ParOldGen       total 5632K, used 48K [0x00000000c2c00000, 0x00000000c3180000, 0x00000000eb980000)
  object space 5632K, 0% used [0x00000000c2c00000,0x00000000c2c0c020,0x00000000c3180000)
 Metaspace       used 4611K, capacity 5836K, committed 6016K, reserved 1056768K
  class space    used 563K, capacity 584K, committed 640K, reserved 1048576K
Event: 0.940 GC heap after
Heap after GC invocations=3 (full 0):
 PSYoungGen      total 2048K, used 496K [0x00000000eb980000, 0x00000000ebd80000, 0x0000000100000000)
  eden space 1536K, 0% used [0x00000000eb980000,0x00000000eb980000,0x00000000ebb00000)
  from space 512K, 96% used [0x00000000ebb00000,0x00000000ebb7c030,0x00000000ebb80000)
  to   space 512K, 0% used [0x00000000ebd00000,0x00000000ebd00000,0x00000000ebd80000)
 ParOldGen       total 5632K, used 452K [0x00000000c2c00000, 0x00000000c3180000, 0x00000000eb980000)
  object space 5632K, 8% used [0x00000000c2c00000,0x00000000c2c71060,0x00000000c3180000)
 Metaspace       used 4611K, capacity 5836K, committed 6016K, reserved 1056768K
  class space    used 563K, capacity 584K, committed 640K, reserved 1048576K
}
Event: 0.998 GC heap before
{Heap before GC invocations=4 (full 0):
 PSYoungGen      total 2048K, used 1952K [0x00000000eb980000, 0x00000000ebd80000, 0x0000000100000000)
  eden space 1536K, 94% used [0x00000000eb980000,0x00000000ebaebff8,0x00000000ebb00000)
  from space 512K, 96% used [0x00000000ebb00000,0x00000000ebb7c030,0x00000000ebb80000)
  to   space 512K, 0% used [0x00000000ebd00000,0x00000000ebd00000,0x00000000ebd80000)
 ParOldGen       total 5632K, used 452K [0x00000000c2c00000, 0x00000000c3180000, 0x00000000eb980000)
  object space 5632K, 8% used [0x00000000c2c00000,0x00000000c2c71060,0x00000000c3180000)
 Metaspace       used 5068K, capacity 6284K, committed 6656K, reserved 1056768K
  class space    used 621K, capacity 648K, committed 768K, reserved 1048576K
Event: 1.002 GC heap after
Heap after GC invocations=4 (full 0):
 PSYoungGen      total 3584K, used 511K [0x00000000eb980000, 0x00000000ebd80000, 0x0000000100000000)
  eden space 3072K, 0% used [0x00000000eb980000,0x00000000eb980000,0x00000000ebc80000)
  from space 512K, 99% used [0x00000000ebd00000,0x00000000ebd7fc30,0x00000000ebd80000)
  to   space 512K, 0% used [0x00000000ebc80000,0x00000000ebc80000,0x00000000ebd00000)
 ParOldGen       total 5632K, used 552K [0x00000000c2c00000, 0x00000000c3180000, 0x00000000eb980000)
  object space 5632K, 9% used [0x00000000c2c00000,0x00000000c2c8a070,0x00000000c3180000)
 Metaspace       used 5068K, capacity 6284K, committed 6656K, reserved 1056768K
  class space    used 621K, capacity 648K, committed 768K, reserved 1048576K
}
Event: 1.174 GC heap before
{Heap before GC invocations=5 (full 0):
 PSYoungGen      total 3584K, used 3582K [0x00000000eb980000, 0x00000000ebd80000, 0x0000000100000000)
  eden space 3072K, 99% used [0x00000000eb980000,0x00000000ebc7ff98,0x00000000ebc80000)
  from space 512K, 99% used [0x00000000ebd00000,0x00000000ebd7fc30,0x00000000ebd80000)
  to   space 512K, 0% used [0x00000000ebc80000,0x00000000ebc80000,0x00000000ebd00000)
 ParOldGen       total 5632K, used 552K [0x00000000c2c00000, 0x00000000c3180000, 0x00000000eb980000)
  object space 5632K, 9% used [0x00000000c2c00000,0x00000000c2c8a070,0x00000000c3180000)
 Metaspace       used 6189K, capacity 7340K, committed 7552K, reserved 1056768K
  class space    used 773K, capacity 808K, committed 896K, reserved 1048576K
Event: 1.178 GC heap after
Heap after GC invocations=5 (full 0):
 PSYoungGen      total 3584K, used 496K [0x00000000eb980000, 0x00000000ec180000, 0x0000000100000000)
  eden space 3072K, 0% used [0x00000000eb980000,0x00000000eb980000,0x00000000ebc80000)
  from space 512K, 96% used [0x00000000ebc80000,0x00000000ebcfc030,0x00000000ebd00000)
  to   space 1024K, 0% used [0x00000000ec080000,0x00000000ec080000,0x00000000ec180000)
 ParOldGen       total 5632K, used 861K [0x00000000c2c00000, 0x00000000c3180000, 0x00000000eb980000)
  object space 5632K, 15% used [0x00000000c2c00000,0x00000000c2cd7570,0x00000000c3180000)
 Metaspace       used 6189K, capacity 7340K, committed 7552K, reserved 1056768K
  class space    used 773K, capacity 808K, committed 896K, reserved 1048576K
}
Event: 1.362 GC heap before
{Heap before GC invocations=6 (full 0):
 PSYoungGen      total 3584K, used 3372K [0x00000000eb980000, 0x00000000ec180000, 0x0000000100000000)
  eden space 3072K, 93% used [0x00000000eb980000,0x00000000ebc4f290,0x00000000ebc80000)
  from space 512K, 96% used [0x00000000ebc80000,0x00000000ebcfc030,0x00000000ebd00000)
  to   space 1024K, 0% used [0x00000000ec080000,0x00000000ec080000,0x00000000ec180000)
 ParOldGen       total 5632K, used 861K [0x00000000c2c00000, 0x00000000c3180000, 0x00000000eb980000)
  object space 5632K, 15% used [0x00000000c2c00000,0x00000000c2cd7570,0x00000000c3180000)
 Metaspace       used 7309K, capacity 8116K, committed 8448K, reserved 1056768K
  class space    used 898K, capacity 944K, committed 1024K, reserved 1048576K
Event: 1.369 GC heap after
Heap after GC invocations=6 (full 0):
 PSYoungGen      total 6656K, used 1016K [0x00000000eb980000, 0x00000000ec280000, 0x0000000100000000)
  eden space 5632K, 0% used [0x00000000eb980000,0x00000000eb980000,0x00000000ebf00000)
  from space 1024K, 99% used [0x00000000ec080000,0x00000000ec17e378,0x00000000ec180000)
  to   space 1536K, 0% used [0x00000000ebf00000,0x00000000ebf00000,0x00000000ec080000)
 ParOldGen       total 5632K, used 958K [0x00000000c2c00000, 0x00000000c3180000, 0x00000000eb980000)
  object space 5632K, 17% used [0x00000000c2c00000,0x00000000c2cef8c8,0x00000000c3180000)
 Metaspace       used 7309K, capacity 8116K, committed 8448K, reserved 1056768K
  class space    used 898K, capacity 944K, committed 1024K, reserved 1048576K
}
Event: 1.445 GC heap before
{Heap before GC invocations=7 (full 0):
 PSYoungGen      total 6656K, used 6412K [0x00000000eb980000, 0x00000000ec280000, 0x0000000100000000)
  eden space 5632K, 95% used [0x00000000eb980000,0x00000000ebec4d70,0x00000000ebf00000)
  from space 1024K, 99% used [0x00000000ec080000,0x00000000ec17e378,0x00000000ec180000)
  to   space 1536K, 0% used [0x00000000ebf00000,0x00000000ebf00000,0x00000000ec080000)
 ParOldGen       total 5632K, used 958K [0x00000000c2c00000, 0x00000000c3180000, 0x00000000eb980000)
  object space 5632K, 17% used [0x00000000c2c00000,0x00000000c2cef8c8,0x00000000c3180000)
 Metaspace       used 7333K, capacity 8116K, committed 8448K, reserved 1056768K
  class space    used 898K, capacity 944K, committed 1024K, reserved 1048576K
Event: 1.453 GC heap after
Heap after GC invocations=7 (full 0):
 PSYoungGen      total 7168K, used 1528K [0x00000000eb980000, 0x00000000eca80000, 0x0000000100000000)
  eden space 5632K, 0% used [0x00000000eb980000,0x00000000eb980000,0x00000000ebf00000)
  from space 1536K, 99% used [0x00000000ebf00000,0x00000000ec07e060,0x00000000ec080000)
  to   space 3072K, 0% used [0x00000000ec780000,0x00000000ec780000,0x00000000eca80000)
 ParOldGen       total 5632K, used 3190K [0x00000000c2c00000, 0x00000000c3180000, 0x00000000eb980000)
  object space 5632K, 56% used [0x00000000c2c00000,0x00000000c2f1d8f8,0x00000000c3180000)
 Metaspace       used 7333K, capacity 8116K, committed 8448K, reserved 1056768K
  class space    used 898K, capacity 944K, committed 1024K, reserved 1048576K
}

